2022-04-13 04:42:19,567 INFO SareetaApplication logStarting Starting SareetaApplication on seemam-VirtualBox with PID 31751 (/home/seemam/IdeaProjects/project4_jwdnd/nd035-c4-Security-and-DevOps/starter_code/target/classes started by seemam in /home/seemam/IdeaProjects/project4_jwdnd/nd035-c4-Security-and-DevOps/starter_code)
2022-04-13 04:42:19,588 DEBUG SareetaApplication logStarting Running with Spring Boot v2.1.5.RELEASE, Spring v5.1.7.RELEASE
2022-04-13 04:42:19,592 INFO SareetaApplication logStartupProfileInfo No active profile set, falling back to default profiles: default
2022-04-13 04:42:47,454 INFO SareetaApplication logStarted Started SareetaApplication in 29.219 seconds (JVM running for 32.009)
2022-04-13 04:43:18,023 INFO UserController createUser User created successfully: testuser
2022-04-13 04:43:30,167 DEBUG JWTAuthenticationFilter doFilter Request is to process authentication
2022-04-13 04:44:20,926 WARN CartController addTocart Item(s) not added to cart. User not found: test 
2022-04-13 04:44:34,599 INFO CartController addTocart Item(s) added successfully to cart for user testuser
2022-04-13 04:44:56,434 INFO CartController removeFromcart Item(s) removed successfully from cart for user testuser
2022-04-13 04:45:14,883 INFO OrderController submit Order created successfully for user testuser
2022-04-13 04:45:21,867 WARN OrderController submit Failed to create order. User not found: test
2022-04-13 04:45:48,594 WARN CartController addTocart Item not added to cart. Item not found: 11 
2022-04-13 04:46:50,834 WARN UserController createUser Failed to create user: testuser1
2022-04-13 04:46:59,609 INFO UserController createUser User created successfully: testuser1
2022-04-13 04:47:12,705 DEBUG JWTAuthenticationFilter doFilter Request is to process authentication
2022-04-13 04:47:12,799 DEBUG JWTAuthenticationFilter unsuccessfulAuthentication Authentication request failed: org.springframework.security.authentication.BadCredentialsException: Bad credentials
org.springframework.security.authentication.BadCredentialsException: Bad credentials
	at org.springframework.security.authentication.dao.DaoAuthenticationProvider.additionalAuthenticationChecks(DaoAuthenticationProvider.java:93) ~[spring-security-core-5.1.5.RELEASE.jar:5.1.5.RELEASE]
	at org.springframework.security.authentication.dao.AbstractUserDetailsAuthenticationProvider.authenticate(AbstractUserDetailsAuthenticationProvider.java:166) ~[spring-security-core-5.1.5.RELEASE.jar:5.1.5.RELEASE]
	at org.springframework.security.authentication.ProviderManager.authenticate(ProviderManager.java:175) ~[spring-security-core-5.1.5.RELEASE.jar:5.1.5.RELEASE]
	at com.example.demo.security.JWTAuthenticationFilter.attemptAuthentication(JWTAuthenticationFilter.java:40) ~[classes/:?]
	at org.springframework.security.web.authentication.AbstractAuthenticationProcessingFilter.doFilter(AbstractAuthenticationProcessingFilter.java:212) [spring-security-web-5.1.5.RELEASE.jar:5.1.5.RELEASE]
	at org.springframework.security.web.FilterChainProxy$VirtualFilterChain.doFilter(FilterChainProxy.java:334) [spring-security-web-5.1.5.RELEASE.jar:5.1.5.RELEASE]
	at org.springframework.security.web.authentication.logout.LogoutFilter.doFilter(LogoutFilter.java:116) [spring-security-web-5.1.5.RELEASE.jar:5.1.5.RELEASE]
	at org.springframework.security.web.FilterChainProxy$VirtualFilterChain.doFilter(FilterChainProxy.java:334) [spring-security-web-5.1.5.RELEASE.jar:5.1.5.RELEASE]
	at org.springframework.web.filter.CorsFilter.doFilterInternal(CorsFilter.java:96) [spring-web-5.1.7.RELEASE.jar:5.1.7.RELEASE]
	at org.springframework.web.filter.OncePerRequestFilter.doFilter(OncePerRequestFilter.java:107) [spring-web-5.1.7.RELEASE.jar:5.1.7.RELEASE]
	at org.springframework.security.web.FilterChainProxy$VirtualFilterChain.doFilter(FilterChainProxy.java:334) [spring-security-web-5.1.5.RELEASE.jar:5.1.5.RELEASE]
	at org.springframework.security.web.header.HeaderWriterFilter.doFilterInternal(HeaderWriterFilter.java:74) [spring-security-web-5.1.5.RELEASE.jar:5.1.5.RELEASE]
	at org.springframework.web.filter.OncePerRequestFilter.doFilter(OncePerRequestFilter.java:107) [spring-web-5.1.7.RELEASE.jar:5.1.7.RELEASE]
	at org.springframework.security.web.FilterChainProxy$VirtualFilterChain.doFilter(FilterChainProxy.java:334) [spring-security-web-5.1.5.RELEASE.jar:5.1.5.RELEASE]
	at org.springframework.security.web.context.SecurityContextPersistenceFilter.doFilter(SecurityContextPersistenceFilter.java:105) [spring-security-web-5.1.5.RELEASE.jar:5.1.5.RELEASE]
	at org.springframework.security.web.FilterChainProxy$VirtualFilterChain.doFilter(FilterChainProxy.java:334) [spring-security-web-5.1.5.RELEASE.jar:5.1.5.RELEASE]
	at org.springframework.security.web.context.request.async.WebAsyncManagerIntegrationFilter.doFilterInternal(WebAsyncManagerIntegrationFilter.java:56) [spring-security-web-5.1.5.RELEASE.jar:5.1.5.RELEASE]
	at org.springframework.web.filter.OncePerRequestFilter.doFilter(OncePerRequestFilter.java:107) [spring-web-5.1.7.RELEASE.jar:5.1.7.RELEASE]
	at org.springframework.security.web.FilterChainProxy$VirtualFilterChain.doFilter(FilterChainProxy.java:334) [spring-security-web-5.1.5.RELEASE.jar:5.1.5.RELEASE]
	at org.springframework.security.web.FilterChainProxy.doFilterInternal(FilterChainProxy.java:215) [spring-security-web-5.1.5.RELEASE.jar:5.1.5.RELEASE]
	at org.springframework.security.web.FilterChainProxy.doFilter(FilterChainProxy.java:178) [spring-security-web-5.1.5.RELEASE.jar:5.1.5.RELEASE]
	at org.springframework.web.filter.DelegatingFilterProxy.invokeDelegate(DelegatingFilterProxy.java:357) [spring-web-5.1.7.RELEASE.jar:5.1.7.RELEASE]
	at org.springframework.web.filter.DelegatingFilterProxy.doFilter(DelegatingFilterProxy.java:270) [spring-web-5.1.7.RELEASE.jar:5.1.7.RELEASE]
	at org.apache.catalina.core.ApplicationFilterChain.internalDoFilter(ApplicationFilterChain.java:193) [tomcat-embed-core-9.0.19.jar:9.0.19]
	at org.apache.catalina.core.ApplicationFilterChain.doFilter(ApplicationFilterChain.java:166) [tomcat-embed-core-9.0.19.jar:9.0.19]
	at org.springframework.web.filter.RequestContextFilter.doFilterInternal(RequestContextFilter.java:99) [spring-web-5.1.7.RELEASE.jar:5.1.7.RELEASE]
	at org.springframework.web.filter.OncePerRequestFilter.doFilter(OncePerRequestFilter.java:107) [spring-web-5.1.7.RELEASE.jar:5.1.7.RELEASE]
	at org.apache.catalina.core.ApplicationFilterChain.internalDoFilter(ApplicationFilterChain.java:193) [tomcat-embed-core-9.0.19.jar:9.0.19]
	at org.apache.catalina.core.ApplicationFilterChain.doFilter(ApplicationFilterChain.java:166) [tomcat-embed-core-9.0.19.jar:9.0.19]
	at org.springframework.web.filter.FormContentFilter.doFilterInternal(FormContentFilter.java:92) [spring-web-5.1.7.RELEASE.jar:5.1.7.RELEASE]
	at org.springframework.web.filter.OncePerRequestFilter.doFilter(OncePerRequestFilter.java:107) [spring-web-5.1.7.RELEASE.jar:5.1.7.RELEASE]
	at org.apache.catalina.core.ApplicationFilterChain.internalDoFilter(ApplicationFilterChain.java:193) [tomcat-embed-core-9.0.19.jar:9.0.19]
	at org.apache.catalina.core.ApplicationFilterChain.doFilter(ApplicationFilterChain.java:166) [tomcat-embed-core-9.0.19.jar:9.0.19]
	at org.springframework.web.filter.HiddenHttpMethodFilter.doFilterInternal(HiddenHttpMethodFilter.java:93) [spring-web-5.1.7.RELEASE.jar:5.1.7.RELEASE]
	at org.springframework.web.filter.OncePerRequestFilter.doFilter(OncePerRequestFilter.java:107) [spring-web-5.1.7.RELEASE.jar:5.1.7.RELEASE]
	at org.apache.catalina.core.ApplicationFilterChain.internalDoFilter(ApplicationFilterChain.java:193) [tomcat-embed-core-9.0.19.jar:9.0.19]
	at org.apache.catalina.core.ApplicationFilterChain.doFilter(ApplicationFilterChain.java:166) [tomcat-embed-core-9.0.19.jar:9.0.19]
	at org.springframework.web.filter.CharacterEncodingFilter.doFilterInternal(CharacterEncodingFilter.java:200) [spring-web-5.1.7.RELEASE.jar:5.1.7.RELEASE]
	at org.springframework.web.filter.OncePerRequestFilter.doFilter(OncePerRequestFilter.java:107) [spring-web-5.1.7.RELEASE.jar:5.1.7.RELEASE]
	at org.apache.catalina.core.ApplicationFilterChain.internalDoFilter(ApplicationFilterChain.java:193) [tomcat-embed-core-9.0.19.jar:9.0.19]
	at org.apache.catalina.core.ApplicationFilterChain.doFilter(ApplicationFilterChain.java:166) [tomcat-embed-core-9.0.19.jar:9.0.19]
	at org.apache.catalina.core.StandardWrapperValve.invoke(StandardWrapperValve.java:200) [tomcat-embed-core-9.0.19.jar:9.0.19]
	at org.apache.catalina.core.StandardContextValve.invoke(StandardContextValve.java:96) [tomcat-embed-core-9.0.19.jar:9.0.19]
	at org.apache.catalina.authenticator.AuthenticatorBase.invoke(AuthenticatorBase.java:490) [tomcat-embed-core-9.0.19.jar:9.0.19]
	at org.apache.catalina.core.StandardHostValve.invoke(StandardHostValve.java:139) [tomcat-embed-core-9.0.19.jar:9.0.19]
	at org.apache.catalina.valves.ErrorReportValve.invoke(ErrorReportValve.java:92) [tomcat-embed-core-9.0.19.jar:9.0.19]
	at org.apache.catalina.core.StandardEngineValve.invoke(StandardEngineValve.java:74) [tomcat-embed-core-9.0.19.jar:9.0.19]
	at org.apache.catalina.connector.CoyoteAdapter.service(CoyoteAdapter.java:343) [tomcat-embed-core-9.0.19.jar:9.0.19]
	at org.apache.coyote.http11.Http11Processor.service(Http11Processor.java:408) [tomcat-embed-core-9.0.19.jar:9.0.19]
	at org.apache.coyote.AbstractProcessorLight.process(AbstractProcessorLight.java:66) [tomcat-embed-core-9.0.19.jar:9.0.19]
	at org.apache.coyote.AbstractProtocol$ConnectionHandler.process(AbstractProtocol.java:836) [tomcat-embed-core-9.0.19.jar:9.0.19]
	at org.apache.tomcat.util.net.NioEndpoint$SocketProcessor.doRun(NioEndpoint.java:1747) [tomcat-embed-core-9.0.19.jar:9.0.19]
	at org.apache.tomcat.util.net.SocketProcessorBase.run(SocketProcessorBase.java:49) [tomcat-embed-core-9.0.19.jar:9.0.19]
	at java.util.concurrent.ThreadPoolExecutor.runWorker(ThreadPoolExecutor.java:1136) [?:?]
	at java.util.concurrent.ThreadPoolExecutor$Worker.run(ThreadPoolExecutor.java:635) [?:?]
	at org.apache.tomcat.util.threads.TaskThread$WrappingRunnable.run(TaskThread.java:61) [tomcat-embed-core-9.0.19.jar:9.0.19]
	at java.lang.Thread.run(Thread.java:833) [?:?]
2022-04-13 04:47:12,851 DEBUG JWTAuthenticationFilter unsuccessfulAuthentication Updated SecurityContextHolder to contain null Authentication
2022-04-13 04:47:12,852 DEBUG JWTAuthenticationFilter unsuccessfulAuthentication Delegating to authentication failure handler org.springframework.security.web.authentication.SimpleUrlAuthenticationFailureHandler@34268ee5
2022-04-13 04:47:18,475 DEBUG JWTAuthenticationFilter doFilter Request is to process authentication
2022-04-13 04:47:45,911 INFO CartControllerTest logStarting Starting CartControllerTest on seemam-VirtualBox with PID 32285 (started by seemam in /home/seemam/IdeaProjects/project4_jwdnd/nd035-c4-Security-and-DevOps/starter_code)
2022-04-13 04:47:45,929 DEBUG CartControllerTest logStarting Running with Spring Boot v2.1.5.RELEASE, Spring v5.1.7.RELEASE
2022-04-13 04:47:45,932 INFO CartControllerTest logStartupProfileInfo No active profile set, falling back to default profiles: default
2022-04-13 04:47:53,485 INFO CartControllerTest logStarted Started CartControllerTest in 8.077 seconds (JVM running for 12.882)
2022-04-13 04:47:53,879 WARN CartController addTocart Item not added to cart. Item not found: 10 
2022-04-13 04:47:53,961 INFO CartController addTocart Item(s) added successfully to cart for user testuser
2022-04-13 04:47:54,041 WARN CartController removeFromcart Item(s) not removed from cart. User not found: testusernull
2022-04-13 04:47:54,082 INFO CartController removeFromcart Item(s) removed successfully from cart for user testuser
2022-04-13 04:47:54,125 WARN CartController removeFromcart Item not removed from cart. Item not found: 10
2022-04-13 04:47:54,216 WARN CartController addTocart Item(s) not added to cart. User not found: testusernull 
2022-04-13 04:47:54,319 INFO ItemControllerTest logStarting Starting ItemControllerTest on seemam-VirtualBox with PID 32285 (started by seemam in /home/seemam/IdeaProjects/project4_jwdnd/nd035-c4-Security-and-DevOps/starter_code)
2022-04-13 04:47:54,320 DEBUG ItemControllerTest logStarting Running with Spring Boot v2.1.5.RELEASE, Spring v5.1.7.RELEASE
2022-04-13 04:47:54,321 INFO ItemControllerTest logStartupProfileInfo No active profile set, falling back to default profiles: default
2022-04-13 04:48:10,290 INFO ItemControllerTest logStarted Started ItemControllerTest in 16.043 seconds (JVM running for 29.687)
2022-04-13 04:48:10,932 INFO OrderControllerTest logStarting Starting OrderControllerTest on seemam-VirtualBox with PID 32285 (started by seemam in /home/seemam/IdeaProjects/project4_jwdnd/nd035-c4-Security-and-DevOps/starter_code)
2022-04-13 04:48:10,933 DEBUG OrderControllerTest logStarting Running with Spring Boot v2.1.5.RELEASE, Spring v5.1.7.RELEASE
2022-04-13 04:48:10,938 INFO OrderControllerTest logStartupProfileInfo No active profile set, falling back to default profiles: default
2022-04-13 04:48:15,410 INFO OrderControllerTest logStarted Started OrderControllerTest in 4.525 seconds (JVM running for 34.807)
2022-04-13 04:48:15,448 WARN OrderController submit Failed to create order. User not found: testusernull
2022-04-13 04:48:15,688 INFO OrderController submit Order created successfully for user testuser
2022-04-13 04:48:15,857 INFO UserControllerTest logStarting Starting UserControllerTest on seemam-VirtualBox with PID 32285 (started by seemam in /home/seemam/IdeaProjects/project4_jwdnd/nd035-c4-Security-and-DevOps/starter_code)
2022-04-13 04:48:15,858 DEBUG UserControllerTest logStarting Running with Spring Boot v2.1.5.RELEASE, Spring v5.1.7.RELEASE
2022-04-13 04:48:15,860 INFO UserControllerTest logStartupProfileInfo No active profile set, falling back to default profiles: default
2022-04-13 04:48:21,621 INFO UserControllerTest logStarted Started UserControllerTest in 5.849 seconds (JVM running for 41.016)
2022-04-13 04:48:21,818 INFO UserController createUser User created successfully: testuser
2022-04-13 04:48:21,928 WARN UserController createUser Failed to create user: testuser
2022-04-13 04:48:22,185 INFO SecurityTest logStarting Starting SecurityTest on seemam-VirtualBox with PID 32285 (started by seemam in /home/seemam/IdeaProjects/project4_jwdnd/nd035-c4-Security-and-DevOps/starter_code)
2022-04-13 04:48:22,189 DEBUG SecurityTest logStarting Running with Spring Boot v2.1.5.RELEASE, Spring v5.1.7.RELEASE
2022-04-13 04:48:22,193 INFO SecurityTest logStartupProfileInfo No active profile set, falling back to default profiles: default
2022-04-13 04:48:31,964 INFO SecurityTest logStarted Started SecurityTest in 9.861 seconds (JVM running for 51.361)
2022-04-13 04:48:31,995 DEBUG JWTAuthenticationFilter doFilter Request is to process authentication
2022-04-13 04:48:32,765 WARN UserDetailsServiceImpl loadUserByUsername Username not found testuser
2022-04-13 04:48:32,933 DEBUG JWTAuthenticationFilter unsuccessfulAuthentication Authentication request failed: org.springframework.security.authentication.BadCredentialsException: Bad credentials
org.springframework.security.authentication.BadCredentialsException: Bad credentials
	at org.springframework.security.authentication.dao.AbstractUserDetailsAuthenticationProvider.authenticate(AbstractUserDetailsAuthenticationProvider.java:151) ~[spring-security-core-5.1.5.RELEASE.jar:5.1.5.RELEASE]
	at org.springframework.security.authentication.ProviderManager.authenticate(ProviderManager.java:175) ~[spring-security-core-5.1.5.RELEASE.jar:5.1.5.RELEASE]
	at com.example.demo.security.JWTAuthenticationFilter.attemptAuthentication(JWTAuthenticationFilter.java:40) ~[classes/:?]
	at org.springframework.security.web.authentication.AbstractAuthenticationProcessingFilter.doFilter(AbstractAuthenticationProcessingFilter.java:212) [spring-security-web-5.1.5.RELEASE.jar:5.1.5.RELEASE]
	at org.springframework.security.web.FilterChainProxy$VirtualFilterChain.doFilter(FilterChainProxy.java:334) [spring-security-web-5.1.5.RELEASE.jar:5.1.5.RELEASE]
	at org.springframework.security.web.authentication.logout.LogoutFilter.doFilter(LogoutFilter.java:116) [spring-security-web-5.1.5.RELEASE.jar:5.1.5.RELEASE]
	at org.springframework.security.web.FilterChainProxy$VirtualFilterChain.doFilter(FilterChainProxy.java:334) [spring-security-web-5.1.5.RELEASE.jar:5.1.5.RELEASE]
	at org.springframework.web.filter.CorsFilter.doFilterInternal(CorsFilter.java:96) [spring-web-5.1.7.RELEASE.jar:5.1.7.RELEASE]
	at org.springframework.web.filter.OncePerRequestFilter.doFilter(OncePerRequestFilter.java:107) [spring-web-5.1.7.RELEASE.jar:5.1.7.RELEASE]
	at org.springframework.security.web.FilterChainProxy$VirtualFilterChain.doFilter(FilterChainProxy.java:334) [spring-security-web-5.1.5.RELEASE.jar:5.1.5.RELEASE]
	at org.springframework.security.web.header.HeaderWriterFilter.doFilterInternal(HeaderWriterFilter.java:74) [spring-security-web-5.1.5.RELEASE.jar:5.1.5.RELEASE]
	at org.springframework.web.filter.OncePerRequestFilter.doFilter(OncePerRequestFilter.java:107) [spring-web-5.1.7.RELEASE.jar:5.1.7.RELEASE]
	at org.springframework.security.web.FilterChainProxy$VirtualFilterChain.doFilter(FilterChainProxy.java:334) [spring-security-web-5.1.5.RELEASE.jar:5.1.5.RELEASE]
	at org.springframework.security.web.context.SecurityContextPersistenceFilter.doFilter(SecurityContextPersistenceFilter.java:105) [spring-security-web-5.1.5.RELEASE.jar:5.1.5.RELEASE]
	at org.springframework.security.web.FilterChainProxy$VirtualFilterChain.doFilter(FilterChainProxy.java:334) [spring-security-web-5.1.5.RELEASE.jar:5.1.5.RELEASE]
	at org.springframework.security.web.context.request.async.WebAsyncManagerIntegrationFilter.doFilterInternal(WebAsyncManagerIntegrationFilter.java:56) [spring-security-web-5.1.5.RELEASE.jar:5.1.5.RELEASE]
	at org.springframework.web.filter.OncePerRequestFilter.doFilter(OncePerRequestFilter.java:107) [spring-web-5.1.7.RELEASE.jar:5.1.7.RELEASE]
	at org.springframework.security.web.FilterChainProxy$VirtualFilterChain.doFilter(FilterChainProxy.java:334) [spring-security-web-5.1.5.RELEASE.jar:5.1.5.RELEASE]
	at org.springframework.security.web.FilterChainProxy.doFilterInternal(FilterChainProxy.java:215) [spring-security-web-5.1.5.RELEASE.jar:5.1.5.RELEASE]
	at org.springframework.security.web.FilterChainProxy.doFilter(FilterChainProxy.java:178) [spring-security-web-5.1.5.RELEASE.jar:5.1.5.RELEASE]
	at org.springframework.web.filter.DelegatingFilterProxy.invokeDelegate(DelegatingFilterProxy.java:357) [spring-web-5.1.7.RELEASE.jar:5.1.7.RELEASE]
	at org.springframework.web.filter.DelegatingFilterProxy.doFilter(DelegatingFilterProxy.java:270) [spring-web-5.1.7.RELEASE.jar:5.1.7.RELEASE]
	at org.springframework.mock.web.MockFilterChain.doFilter(MockFilterChain.java:133) [spring-test-5.1.7.RELEASE.jar:5.1.7.RELEASE]
	at org.springframework.web.filter.RequestContextFilter.doFilterInternal(RequestContextFilter.java:99) [spring-web-5.1.7.RELEASE.jar:5.1.7.RELEASE]
	at org.springframework.web.filter.OncePerRequestFilter.doFilter(OncePerRequestFilter.java:107) [spring-web-5.1.7.RELEASE.jar:5.1.7.RELEASE]
	at org.springframework.mock.web.MockFilterChain.doFilter(MockFilterChain.java:133) [spring-test-5.1.7.RELEASE.jar:5.1.7.RELEASE]
	at org.springframework.web.filter.FormContentFilter.doFilterInternal(FormContentFilter.java:92) [spring-web-5.1.7.RELEASE.jar:5.1.7.RELEASE]
	at org.springframework.web.filter.OncePerRequestFilter.doFilter(OncePerRequestFilter.java:107) [spring-web-5.1.7.RELEASE.jar:5.1.7.RELEASE]
	at org.springframework.mock.web.MockFilterChain.doFilter(MockFilterChain.java:133) [spring-test-5.1.7.RELEASE.jar:5.1.7.RELEASE]
	at org.springframework.web.filter.HiddenHttpMethodFilter.doFilterInternal(HiddenHttpMethodFilter.java:93) [spring-web-5.1.7.RELEASE.jar:5.1.7.RELEASE]
	at org.springframework.web.filter.OncePerRequestFilter.doFilter(OncePerRequestFilter.java:107) [spring-web-5.1.7.RELEASE.jar:5.1.7.RELEASE]
	at org.springframework.mock.web.MockFilterChain.doFilter(MockFilterChain.java:133) [spring-test-5.1.7.RELEASE.jar:5.1.7.RELEASE]
	at org.springframework.web.filter.CharacterEncodingFilter.doFilterInternal(CharacterEncodingFilter.java:200) [spring-web-5.1.7.RELEASE.jar:5.1.7.RELEASE]
	at org.springframework.web.filter.OncePerRequestFilter.doFilter(OncePerRequestFilter.java:107) [spring-web-5.1.7.RELEASE.jar:5.1.7.RELEASE]
	at org.springframework.mock.web.MockFilterChain.doFilter(MockFilterChain.java:133) [spring-test-5.1.7.RELEASE.jar:5.1.7.RELEASE]
	at org.springframework.test.web.servlet.MockMvc.perform(MockMvc.java:182) [spring-test-5.1.7.RELEASE.jar:5.1.7.RELEASE]
	at com.example.demo.security.SecurityTest.user_not_created(SecurityTest.java:39) [test-classes/:?]
	at jdk.internal.reflect.NativeMethodAccessorImpl.invoke0(Native Method) ~[?:?]
	at jdk.internal.reflect.NativeMethodAccessorImpl.invoke(NativeMethodAccessorImpl.java:77) ~[?:?]
	at jdk.internal.reflect.DelegatingMethodAccessorImpl.invoke(DelegatingMethodAccessorImpl.java:43) ~[?:?]
	at java.lang.reflect.Method.invoke(Method.java:568) ~[?:?]
	at org.junit.runners.model.FrameworkMethod$1.runReflectiveCall(FrameworkMethod.java:50) [junit-4.12.jar:4.12]
	at org.junit.internal.runners.model.ReflectiveCallable.run(ReflectiveCallable.java:12) [junit-4.12.jar:4.12]
	at org.junit.runners.model.FrameworkMethod.invokeExplosively(FrameworkMethod.java:47) [junit-4.12.jar:4.12]
	at org.junit.internal.runners.statements.InvokeMethod.evaluate(InvokeMethod.java:17) [junit-4.12.jar:4.12]
	at org.springframework.test.context.junit4.statements.RunBeforeTestExecutionCallbacks.evaluate(RunBeforeTestExecutionCallbacks.java:74) [spring-test-5.1.7.RELEASE.jar:5.1.7.RELEASE]
	at org.springframework.test.context.junit4.statements.RunAfterTestExecutionCallbacks.evaluate(RunAfterTestExecutionCallbacks.java:84) [spring-test-5.1.7.RELEASE.jar:5.1.7.RELEASE]
	at org.springframework.test.context.junit4.statements.RunBeforeTestMethodCallbacks.evaluate(RunBeforeTestMethodCallbacks.java:75) [spring-test-5.1.7.RELEASE.jar:5.1.7.RELEASE]
	at org.springframework.test.context.junit4.statements.RunAfterTestMethodCallbacks.evaluate(RunAfterTestMethodCallbacks.java:86) [spring-test-5.1.7.RELEASE.jar:5.1.7.RELEASE]
	at org.springframework.test.context.junit4.statements.SpringRepeat.evaluate(SpringRepeat.java:84) [spring-test-5.1.7.RELEASE.jar:5.1.7.RELEASE]
	at org.junit.runners.ParentRunner.runLeaf(ParentRunner.java:325) [junit-4.12.jar:4.12]
	at org.springframework.test.context.junit4.SpringJUnit4ClassRunner.runChild(SpringJUnit4ClassRunner.java:251) [spring-test-5.1.7.RELEASE.jar:5.1.7.RELEASE]
	at org.springframework.test.context.junit4.SpringJUnit4ClassRunner.runChild(SpringJUnit4ClassRunner.java:97) [spring-test-5.1.7.RELEASE.jar:5.1.7.RELEASE]
	at org.junit.runners.ParentRunner$3.run(ParentRunner.java:290) [junit-4.12.jar:4.12]
	at org.junit.runners.ParentRunner$1.schedule(ParentRunner.java:71) [junit-4.12.jar:4.12]
	at org.junit.runners.ParentRunner.runChildren(ParentRunner.java:288) [junit-4.12.jar:4.12]
	at org.junit.runners.ParentRunner.access$000(ParentRunner.java:58) [junit-4.12.jar:4.12]
	at org.junit.runners.ParentRunner$2.evaluate(ParentRunner.java:268) [junit-4.12.jar:4.12]
	at org.springframework.test.context.junit4.statements.RunBeforeTestClassCallbacks.evaluate(RunBeforeTestClassCallbacks.java:61) [spring-test-5.1.7.RELEASE.jar:5.1.7.RELEASE]
	at org.springframework.test.context.junit4.statements.RunAfterTestClassCallbacks.evaluate(RunAfterTestClassCallbacks.java:70) [spring-test-5.1.7.RELEASE.jar:5.1.7.RELEASE]
	at org.junit.runners.ParentRunner.run(ParentRunner.java:363) [junit-4.12.jar:4.12]
	at org.springframework.test.context.junit4.SpringJUnit4ClassRunner.run(SpringJUnit4ClassRunner.java:190) [spring-test-5.1.7.RELEASE.jar:5.1.7.RELEASE]
	at org.junit.runners.Suite.runChild(Suite.java:128) [junit-4.12.jar:4.12]
	at org.junit.runners.Suite.runChild(Suite.java:27) [junit-4.12.jar:4.12]
	at org.junit.runners.ParentRunner$3.run(ParentRunner.java:290) [junit-4.12.jar:4.12]
	at org.junit.runners.ParentRunner$1.schedule(ParentRunner.java:71) [junit-4.12.jar:4.12]
	at org.junit.runners.ParentRunner.runChildren(ParentRunner.java:288) [junit-4.12.jar:4.12]
	at org.junit.runners.ParentRunner.access$000(ParentRunner.java:58) [junit-4.12.jar:4.12]
	at org.junit.runners.ParentRunner$2.evaluate(ParentRunner.java:268) [junit-4.12.jar:4.12]
	at org.junit.runners.ParentRunner.run(ParentRunner.java:363) [junit-4.12.jar:4.12]
	at org.junit.runner.JUnitCore.run(JUnitCore.java:137) [junit-4.12.jar:4.12]
	at com.intellij.junit4.JUnit4IdeaTestRunner.startRunnerWithArgs(JUnit4IdeaTestRunner.java:69) [junit-rt.jar:?]
	at com.intellij.rt.junit.IdeaTestRunner$Repeater$1.execute(IdeaTestRunner.java:38) [junit-rt.jar:?]
	at com.intellij.rt.execution.junit.TestsRepeater.repeat(TestsRepeater.java:11) [idea_rt.jar:?]
	at com.intellij.rt.junit.IdeaTestRunner$Repeater.startRunnerWithArgs(IdeaTestRunner.java:35) [junit-rt.jar:?]
	at com.intellij.rt.junit.JUnitStarter.prepareStreamsAndStart(JUnitStarter.java:235) [junit-rt.jar:?]
	at com.intellij.rt.junit.JUnitStarter.main(JUnitStarter.java:54) [junit-rt.jar:?]
2022-04-13 04:48:33,006 DEBUG JWTAuthenticationFilter unsuccessfulAuthentication Updated SecurityContextHolder to contain null Authentication
2022-04-13 04:48:33,007 DEBUG JWTAuthenticationFilter unsuccessfulAuthentication Delegating to authentication failure handler org.springframework.security.web.authentication.SimpleUrlAuthenticationFailureHandler@3c634a04
2022-04-13 08:37:11,144 INFO CartControllerTest logStarting Starting CartControllerTest on seemam-VirtualBox with PID 40309 (started by seemam in /home/seemam/IdeaProjects/project4_jwdnd/nd035-c4-Security-and-DevOps/starter_code)
2022-04-13 08:37:11,171 DEBUG CartControllerTest logStarting Running with Spring Boot v2.1.5.RELEASE, Spring v5.1.7.RELEASE
2022-04-13 08:37:11,174 INFO CartControllerTest logStartupProfileInfo No active profile set, falling back to default profiles: default
2022-04-13 08:37:18,502 INFO CartControllerTest logStarted Started CartControllerTest in 7.934 seconds (JVM running for 12.582)
2022-04-13 08:37:18,763 WARN CartController addTocart Item not added to cart. Item not found: 10 
2022-04-13 08:37:18,847 INFO CartController addTocart Item(s) added successfully to cart for user testuser
2022-04-13 08:37:18,887 WARN CartController removeFromcart Item(s) not removed from cart. User not found: testusernull
2022-04-13 08:37:18,919 INFO CartController removeFromcart Item(s) removed successfully from cart for user testuser
2022-04-13 08:37:18,948 WARN CartController removeFromcart Item not removed from cart. Item not found: 10
2022-04-13 08:37:19,022 WARN CartController addTocart Item(s) not added to cart. User not found: testusernull 
2022-04-13 08:37:19,112 INFO ItemControllerTest logStarting Starting ItemControllerTest on seemam-VirtualBox with PID 40309 (started by seemam in /home/seemam/IdeaProjects/project4_jwdnd/nd035-c4-Security-and-DevOps/starter_code)
2022-04-13 08:37:19,112 DEBUG ItemControllerTest logStarting Running with Spring Boot v2.1.5.RELEASE, Spring v5.1.7.RELEASE
2022-04-13 08:37:19,114 INFO ItemControllerTest logStartupProfileInfo No active profile set, falling back to default profiles: default
2022-04-13 08:37:20,852 INFO ItemControllerTest logStarted Started ItemControllerTest in 1.808 seconds (JVM running for 14.932)
2022-04-13 08:37:21,069 INFO OrderControllerTest logStarting Starting OrderControllerTest on seemam-VirtualBox with PID 40309 (started by seemam in /home/seemam/IdeaProjects/project4_jwdnd/nd035-c4-Security-and-DevOps/starter_code)
2022-04-13 08:37:21,069 DEBUG OrderControllerTest logStarting Running with Spring Boot v2.1.5.RELEASE, Spring v5.1.7.RELEASE
2022-04-13 08:37:21,070 INFO OrderControllerTest logStartupProfileInfo No active profile set, falling back to default profiles: default
2022-04-13 08:37:23,230 INFO OrderControllerTest logStarted Started OrderControllerTest in 2.221 seconds (JVM running for 17.31)
2022-04-13 08:37:23,279 WARN OrderController submit Failed to create order. User not found: testusernull
2022-04-13 08:37:23,815 INFO OrderController submit Order created successfully for user testuser
2022-04-13 08:37:25,260 INFO UserControllerTest logStarting Starting UserControllerTest on seemam-VirtualBox with PID 40309 (started by seemam in /home/seemam/IdeaProjects/project4_jwdnd/nd035-c4-Security-and-DevOps/starter_code)
2022-04-13 08:37:25,285 DEBUG UserControllerTest logStarting Running with Spring Boot v2.1.5.RELEASE, Spring v5.1.7.RELEASE
2022-04-13 08:37:25,295 INFO UserControllerTest logStartupProfileInfo No active profile set, falling back to default profiles: default
2022-04-13 08:37:43,051 INFO UserControllerTest logStarted Started UserControllerTest in 18.928 seconds (JVM running for 37.13)
2022-04-13 08:37:43,136 INFO UserController createUser User created successfully: testuser
2022-04-13 08:37:43,205 WARN UserController createUser Failed to create user: testuser
2022-04-13 08:37:43,416 INFO SecurityTest logStarting Starting SecurityTest on seemam-VirtualBox with PID 40309 (started by seemam in /home/seemam/IdeaProjects/project4_jwdnd/nd035-c4-Security-and-DevOps/starter_code)
2022-04-13 08:37:43,418 DEBUG SecurityTest logStarting Running with Spring Boot v2.1.5.RELEASE, Spring v5.1.7.RELEASE
2022-04-13 08:37:43,419 INFO SecurityTest logStartupProfileInfo No active profile set, falling back to default profiles: default
2022-04-13 08:37:46,717 INFO SecurityTest logStarted Started SecurityTest in 3.367 seconds (JVM running for 40.796)
2022-04-13 08:37:46,755 DEBUG JWTAuthenticationFilter doFilter Request is to process authentication
2022-04-13 08:37:47,603 WARN UserDetailsServiceImpl loadUserByUsername Username not found testuser
2022-04-13 08:37:47,788 DEBUG JWTAuthenticationFilter unsuccessfulAuthentication Authentication request failed: org.springframework.security.authentication.BadCredentialsException: Bad credentials
org.springframework.security.authentication.BadCredentialsException: Bad credentials
	at org.springframework.security.authentication.dao.AbstractUserDetailsAuthenticationProvider.authenticate(AbstractUserDetailsAuthenticationProvider.java:151) ~[spring-security-core-5.1.5.RELEASE.jar:5.1.5.RELEASE]
	at org.springframework.security.authentication.ProviderManager.authenticate(ProviderManager.java:175) ~[spring-security-core-5.1.5.RELEASE.jar:5.1.5.RELEASE]
	at com.example.demo.security.JWTAuthenticationFilter.attemptAuthentication(JWTAuthenticationFilter.java:40) ~[classes/:?]
	at org.springframework.security.web.authentication.AbstractAuthenticationProcessingFilter.doFilter(AbstractAuthenticationProcessingFilter.java:212) [spring-security-web-5.1.5.RELEASE.jar:5.1.5.RELEASE]
	at org.springframework.security.web.FilterChainProxy$VirtualFilterChain.doFilter(FilterChainProxy.java:334) [spring-security-web-5.1.5.RELEASE.jar:5.1.5.RELEASE]
	at org.springframework.security.web.authentication.logout.LogoutFilter.doFilter(LogoutFilter.java:116) [spring-security-web-5.1.5.RELEASE.jar:5.1.5.RELEASE]
	at org.springframework.security.web.FilterChainProxy$VirtualFilterChain.doFilter(FilterChainProxy.java:334) [spring-security-web-5.1.5.RELEASE.jar:5.1.5.RELEASE]
	at org.springframework.web.filter.CorsFilter.doFilterInternal(CorsFilter.java:96) [spring-web-5.1.7.RELEASE.jar:5.1.7.RELEASE]
	at org.springframework.web.filter.OncePerRequestFilter.doFilter(OncePerRequestFilter.java:107) [spring-web-5.1.7.RELEASE.jar:5.1.7.RELEASE]
	at org.springframework.security.web.FilterChainProxy$VirtualFilterChain.doFilter(FilterChainProxy.java:334) [spring-security-web-5.1.5.RELEASE.jar:5.1.5.RELEASE]
	at org.springframework.security.web.header.HeaderWriterFilter.doFilterInternal(HeaderWriterFilter.java:74) [spring-security-web-5.1.5.RELEASE.jar:5.1.5.RELEASE]
	at org.springframework.web.filter.OncePerRequestFilter.doFilter(OncePerRequestFilter.java:107) [spring-web-5.1.7.RELEASE.jar:5.1.7.RELEASE]
	at org.springframework.security.web.FilterChainProxy$VirtualFilterChain.doFilter(FilterChainProxy.java:334) [spring-security-web-5.1.5.RELEASE.jar:5.1.5.RELEASE]
	at org.springframework.security.web.context.SecurityContextPersistenceFilter.doFilter(SecurityContextPersistenceFilter.java:105) [spring-security-web-5.1.5.RELEASE.jar:5.1.5.RELEASE]
	at org.springframework.security.web.FilterChainProxy$VirtualFilterChain.doFilter(FilterChainProxy.java:334) [spring-security-web-5.1.5.RELEASE.jar:5.1.5.RELEASE]
	at org.springframework.security.web.context.request.async.WebAsyncManagerIntegrationFilter.doFilterInternal(WebAsyncManagerIntegrationFilter.java:56) [spring-security-web-5.1.5.RELEASE.jar:5.1.5.RELEASE]
	at org.springframework.web.filter.OncePerRequestFilter.doFilter(OncePerRequestFilter.java:107) [spring-web-5.1.7.RELEASE.jar:5.1.7.RELEASE]
	at org.springframework.security.web.FilterChainProxy$VirtualFilterChain.doFilter(FilterChainProxy.java:334) [spring-security-web-5.1.5.RELEASE.jar:5.1.5.RELEASE]
	at org.springframework.security.web.FilterChainProxy.doFilterInternal(FilterChainProxy.java:215) [spring-security-web-5.1.5.RELEASE.jar:5.1.5.RELEASE]
	at org.springframework.security.web.FilterChainProxy.doFilter(FilterChainProxy.java:178) [spring-security-web-5.1.5.RELEASE.jar:5.1.5.RELEASE]
	at org.springframework.web.filter.DelegatingFilterProxy.invokeDelegate(DelegatingFilterProxy.java:357) [spring-web-5.1.7.RELEASE.jar:5.1.7.RELEASE]
	at org.springframework.web.filter.DelegatingFilterProxy.doFilter(DelegatingFilterProxy.java:270) [spring-web-5.1.7.RELEASE.jar:5.1.7.RELEASE]
	at org.springframework.mock.web.MockFilterChain.doFilter(MockFilterChain.java:133) [spring-test-5.1.7.RELEASE.jar:5.1.7.RELEASE]
	at org.springframework.web.filter.RequestContextFilter.doFilterInternal(RequestContextFilter.java:99) [spring-web-5.1.7.RELEASE.jar:5.1.7.RELEASE]
	at org.springframework.web.filter.OncePerRequestFilter.doFilter(OncePerRequestFilter.java:107) [spring-web-5.1.7.RELEASE.jar:5.1.7.RELEASE]
	at org.springframework.mock.web.MockFilterChain.doFilter(MockFilterChain.java:133) [spring-test-5.1.7.RELEASE.jar:5.1.7.RELEASE]
	at org.springframework.web.filter.FormContentFilter.doFilterInternal(FormContentFilter.java:92) [spring-web-5.1.7.RELEASE.jar:5.1.7.RELEASE]
	at org.springframework.web.filter.OncePerRequestFilter.doFilter(OncePerRequestFilter.java:107) [spring-web-5.1.7.RELEASE.jar:5.1.7.RELEASE]
	at org.springframework.mock.web.MockFilterChain.doFilter(MockFilterChain.java:133) [spring-test-5.1.7.RELEASE.jar:5.1.7.RELEASE]
	at org.springframework.web.filter.HiddenHttpMethodFilter.doFilterInternal(HiddenHttpMethodFilter.java:93) [spring-web-5.1.7.RELEASE.jar:5.1.7.RELEASE]
	at org.springframework.web.filter.OncePerRequestFilter.doFilter(OncePerRequestFilter.java:107) [spring-web-5.1.7.RELEASE.jar:5.1.7.RELEASE]
	at org.springframework.mock.web.MockFilterChain.doFilter(MockFilterChain.java:133) [spring-test-5.1.7.RELEASE.jar:5.1.7.RELEASE]
	at org.springframework.web.filter.CharacterEncodingFilter.doFilterInternal(CharacterEncodingFilter.java:200) [spring-web-5.1.7.RELEASE.jar:5.1.7.RELEASE]
	at org.springframework.web.filter.OncePerRequestFilter.doFilter(OncePerRequestFilter.java:107) [spring-web-5.1.7.RELEASE.jar:5.1.7.RELEASE]
	at org.springframework.mock.web.MockFilterChain.doFilter(MockFilterChain.java:133) [spring-test-5.1.7.RELEASE.jar:5.1.7.RELEASE]
	at org.springframework.test.web.servlet.MockMvc.perform(MockMvc.java:182) [spring-test-5.1.7.RELEASE.jar:5.1.7.RELEASE]
	at com.example.demo.security.SecurityTest.user_not_created(SecurityTest.java:39) [test-classes/:?]
	at jdk.internal.reflect.NativeMethodAccessorImpl.invoke0(Native Method) ~[?:?]
	at jdk.internal.reflect.NativeMethodAccessorImpl.invoke(NativeMethodAccessorImpl.java:77) ~[?:?]
	at jdk.internal.reflect.DelegatingMethodAccessorImpl.invoke(DelegatingMethodAccessorImpl.java:43) ~[?:?]
	at java.lang.reflect.Method.invoke(Method.java:568) ~[?:?]
	at org.junit.runners.model.FrameworkMethod$1.runReflectiveCall(FrameworkMethod.java:50) [junit-4.12.jar:4.12]
	at org.junit.internal.runners.model.ReflectiveCallable.run(ReflectiveCallable.java:12) [junit-4.12.jar:4.12]
	at org.junit.runners.model.FrameworkMethod.invokeExplosively(FrameworkMethod.java:47) [junit-4.12.jar:4.12]
	at org.junit.internal.runners.statements.InvokeMethod.evaluate(InvokeMethod.java:17) [junit-4.12.jar:4.12]
	at org.springframework.test.context.junit4.statements.RunBeforeTestExecutionCallbacks.evaluate(RunBeforeTestExecutionCallbacks.java:74) [spring-test-5.1.7.RELEASE.jar:5.1.7.RELEASE]
	at org.springframework.test.context.junit4.statements.RunAfterTestExecutionCallbacks.evaluate(RunAfterTestExecutionCallbacks.java:84) [spring-test-5.1.7.RELEASE.jar:5.1.7.RELEASE]
	at org.springframework.test.context.junit4.statements.RunBeforeTestMethodCallbacks.evaluate(RunBeforeTestMethodCallbacks.java:75) [spring-test-5.1.7.RELEASE.jar:5.1.7.RELEASE]
	at org.springframework.test.context.junit4.statements.RunAfterTestMethodCallbacks.evaluate(RunAfterTestMethodCallbacks.java:86) [spring-test-5.1.7.RELEASE.jar:5.1.7.RELEASE]
	at org.springframework.test.context.junit4.statements.SpringRepeat.evaluate(SpringRepeat.java:84) [spring-test-5.1.7.RELEASE.jar:5.1.7.RELEASE]
	at org.junit.runners.ParentRunner.runLeaf(ParentRunner.java:325) [junit-4.12.jar:4.12]
	at org.springframework.test.context.junit4.SpringJUnit4ClassRunner.runChild(SpringJUnit4ClassRunner.java:251) [spring-test-5.1.7.RELEASE.jar:5.1.7.RELEASE]
	at org.springframework.test.context.junit4.SpringJUnit4ClassRunner.runChild(SpringJUnit4ClassRunner.java:97) [spring-test-5.1.7.RELEASE.jar:5.1.7.RELEASE]
	at org.junit.runners.ParentRunner$3.run(ParentRunner.java:290) [junit-4.12.jar:4.12]
	at org.junit.runners.ParentRunner$1.schedule(ParentRunner.java:71) [junit-4.12.jar:4.12]
	at org.junit.runners.ParentRunner.runChildren(ParentRunner.java:288) [junit-4.12.jar:4.12]
	at org.junit.runners.ParentRunner.access$000(ParentRunner.java:58) [junit-4.12.jar:4.12]
	at org.junit.runners.ParentRunner$2.evaluate(ParentRunner.java:268) [junit-4.12.jar:4.12]
	at org.springframework.test.context.junit4.statements.RunBeforeTestClassCallbacks.evaluate(RunBeforeTestClassCallbacks.java:61) [spring-test-5.1.7.RELEASE.jar:5.1.7.RELEASE]
	at org.springframework.test.context.junit4.statements.RunAfterTestClassCallbacks.evaluate(RunAfterTestClassCallbacks.java:70) [spring-test-5.1.7.RELEASE.jar:5.1.7.RELEASE]
	at org.junit.runners.ParentRunner.run(ParentRunner.java:363) [junit-4.12.jar:4.12]
	at org.springframework.test.context.junit4.SpringJUnit4ClassRunner.run(SpringJUnit4ClassRunner.java:190) [spring-test-5.1.7.RELEASE.jar:5.1.7.RELEASE]
	at org.junit.runners.Suite.runChild(Suite.java:128) [junit-4.12.jar:4.12]
	at org.junit.runners.Suite.runChild(Suite.java:27) [junit-4.12.jar:4.12]
	at org.junit.runners.ParentRunner$3.run(ParentRunner.java:290) [junit-4.12.jar:4.12]
	at org.junit.runners.ParentRunner$1.schedule(ParentRunner.java:71) [junit-4.12.jar:4.12]
	at org.junit.runners.ParentRunner.runChildren(ParentRunner.java:288) [junit-4.12.jar:4.12]
	at org.junit.runners.ParentRunner.access$000(ParentRunner.java:58) [junit-4.12.jar:4.12]
	at org.junit.runners.ParentRunner$2.evaluate(ParentRunner.java:268) [junit-4.12.jar:4.12]
	at org.junit.runners.ParentRunner.run(ParentRunner.java:363) [junit-4.12.jar:4.12]
	at org.junit.runner.JUnitCore.run(JUnitCore.java:137) [junit-4.12.jar:4.12]
	at com.intellij.junit4.JUnit4IdeaTestRunner.startRunnerWithArgs(JUnit4IdeaTestRunner.java:69) [junit-rt.jar:?]
	at com.intellij.rt.junit.IdeaTestRunner$Repeater$1.execute(IdeaTestRunner.java:38) [junit-rt.jar:?]
	at com.intellij.rt.execution.junit.TestsRepeater.repeat(TestsRepeater.java:11) [idea_rt.jar:?]
	at com.intellij.rt.junit.IdeaTestRunner$Repeater.startRunnerWithArgs(IdeaTestRunner.java:35) [junit-rt.jar:?]
	at com.intellij.rt.junit.JUnitStarter.prepareStreamsAndStart(JUnitStarter.java:235) [junit-rt.jar:?]
	at com.intellij.rt.junit.JUnitStarter.main(JUnitStarter.java:54) [junit-rt.jar:?]
2022-04-13 08:37:47,845 DEBUG JWTAuthenticationFilter unsuccessfulAuthentication Updated SecurityContextHolder to contain null Authentication
2022-04-13 08:37:47,847 DEBUG JWTAuthenticationFilter unsuccessfulAuthentication Delegating to authentication failure handler org.springframework.security.web.authentication.SimpleUrlAuthenticationFailureHandler@16337c8e
